app/app/build/outputs/logs/manifest-merger-debug-report.txt
-- Merging decision tree log ---
manifest
ADDED from src\main\AndroidManifest.xml:2:1-39:12
	package
		ADDED from src\main\AndroidManifest.xml:3:5-54
		INJECTED from src\main\AndroidManifest.xml
		INJECTED from src\main\AndroidManifest.xml
	android:versionName
		ADDED from src\main\AndroidManifest.xml:5:5-30
		INJECTED from src\main\AndroidManifest.xml
		INJECTED from src\main\AndroidManifest.xml
	android:versionCode
		ADDED from src\main\AndroidManifest.xml:4:5-28
		INJECTED from src\main\AndroidManifest.xml
		INJECTED from src\main\AndroidManifest.xml
	xmlns:android
		ADDED from src\main\AndroidManifest.xml:2:11-69
uses-feature#android.hardware.usb.host
ADDED from src\main\AndroidManifest.xml:6:5-61
	android:name
		ADDED from src\main\AndroidManifest.xml:6:19-59
uses-sdk
ADDED from src\main\AndroidManifest.xml:7:5-9:41
MERGED from [com.android.support:appcompat-v7:23.4.0] AndroidManifest.xml:21:5-23:78
MERGED from [com.android.support:animated-vector-drawable:23.4.0] AndroidManifest.xml:5:5-44
MERGED from [com.android.support:support-vector-drawable:23.4.0] AndroidManifest.xml:5:5-43
MERGED from [com.android.support:support-v4:23.4.0] AndroidManifest.xml:20:5-43
	tools:overrideLibrary
		ADDED from [com.android.support:appcompat-v7:23.4.0] AndroidManifest.xml:23:9-75
	android:targetSdkVersion
		ADDED from src\main\AndroidManifest.xml:9:9-38
		INJECTED from src\main\AndroidManifest.xml
		INJECTED from src\main\AndroidManifest.xml
	android:minSdkVersion
		ADDED from src\main\AndroidManifest.xml:8:9-35
		INJECTED from src\main\AndroidManifest.xml
		INJECTED from src\main\AndroidManifest.xml
uses-permission#android.permission.ACCESS_COARSE_LOCATION
ADDED from src\main\AndroidManifest.xml:11:5-81
	android:name
		ADDED from src\main\AndroidManifest.xml:11:22-78
uses-permission#android.permission.READ_EXTERNAL_STORAGE
ADDED from src\main\AndroidManifest.xml:12:5-80
	android:name
		ADDED from src\main\AndroidManifest.xml:12:22-77
uses-permission#android.permission.WRITE_EXTERNAL_STORAGE
ADDED from src\main\AndroidManifest.xml:13:5-81
	android:name
		ADDED from src\main\AndroidManifest.xml:13:22-78
uses-permission#android.permission.READ_PHONE_STATE
ADDED from src\main\AndroidManifest.xml:14:5-75
	android:name
		ADDED from src\main\AndroidManifest.xml:14:22-72
uses-permission#android.permission.CAMERA
ADDED from src\main\AndroidManifest.xml:15:5-65
	android:name
		ADDED from src\main\AndroidManifest.xml:15:22-62
uses-permission#android.permission.ACCESS_FINE_LOCATION
ADDED from src\main\AndroidManifest.xml:16:5-79
	android:name
		ADDED from src\main\AndroidManifest.xml:16:22-76
uses-permission#android.permission.MOUNT_UNMOUNT_FILESYSTEMS
ADDED from src\main\AndroidManifest.xml:17:5-84
	android:name
		ADDED from src\main\AndroidManifest.xml:17:22-81
uses-permission#android.permission.RECORD_AUDIO
ADDED from src\main\AndroidManifest.xml:18:5-71
	android:name
		ADDED from src\main\AndroidManifest.xml:18:22-68
uses-permission#android.permission.BLUETOOTH
ADDED from src\main\AndroidManifest.xml:19:5-68
	android:name
		ADDED from src\main\AndroidManifest.xml:19:22-65
uses-permission#android.permission.BLUETOOTH_ADMIN
ADDED from src\main\AndroidManifest.xml:20:5-74
	android:name
		ADDED from src\main\AndroidManifest.xml:20:22-71
application
ADDED from src\main\AndroidManifest.xml:22:5-37:19
MERGED from [com.android.support:appcompat-v7:23.4.0] AndroidManifest.xml:25:5-20
MERGED from [com.android.support:animated-vector-drawable:23.4.0] AndroidManifest.xml:7:5-20
MERGED from [com.android.support:support-vector-drawable:23.4.0] AndroidManifest.xml:7:5-20
MERGED from [com.android.support:support-v4:23.4.0] AndroidManifest.xml:22:5-20
	android:label
		ADDED from src\main\AndroidManifest.xml:25:9-31
	android:supportsRtl
		ADDED from src\main\AndroidManifest.xml:26:9-35
	android:allowBackup
		ADDED from src\main\AndroidManifest.xml:23:9-35
	android:icon
		ADDED from src\main\AndroidManifest.xml:24:9-42
activity#com.example.admin.infraredcertification.CameraActivity
ADDED from src\main\AndroidManifest.xml:27:9-35:20
	android:label
		ADDED from src\main\AndroidManifest.xml:29:13-33
	android:name
		ADDED from src\main\AndroidManifest.xml:28:13-43
intent-filter#android.hardware.usb.action.USB_DEVICE_ATTACHED+android.intent.action.MAIN+android.intent.category.LAUNCHER
ADDED from src\main\AndroidManifest.xml:30:13-34:29
action#android.intent.action.MAIN
ADDED from src\main\AndroidManifest.xml:31:17-69
	android:name
		ADDED from src\main\AndroidManifest.xml:31:25-66
action#android.hardware.usb.action.USB_DEVICE_ATTACHED
ADDED from src\main\AndroidManifest.xml:32:17-90
	android:name
		ADDED from src\main\AndroidManifest.xml:32:25-87
category#android.intent.category.LAUNCHER
ADDED from src\main\AndroidManifest.xml:33:17-77
	android:name
		ADDED from src\main\AndroidManifest.xml:33:27-74
activity#com.example.admin.infraredcertification.PictureActivity
ADDED from src\main\AndroidManifest.xml:36:9-62
	android:name
		ADDED from src\main\AndroidManifest.xml:36:19-50